# JRE version: OpenJDK Runtime Environment (8.0_152-b01) (build 1.8.0_152-release-1248-b01)
# Java VM: OpenJDK 64-Bit Server VM (25.152-b01 mixed mode linux-amd64 compressed oops)
Heap:
 PSYoungGen      total 352768K, used 7337K [0x00000000e0000000, 0x00000000f7b80000, 0x0000000100000000)
  eden space 316928K, 0% used [0x00000000e0000000,0x00000000e0000000,0x00000000f3580000)
  from space 35840K, 20% used [0x00000000f3580000,0x00000000f3caa5e0,0x00000000f5880000)
  to   space 4608K, 0% used [0x00000000f5c80000,0x00000000f5c80000,0x00000000f6100000)
 ParOldGen       total 95232K, used 51386K [0x00000000a0000000, 0x00000000a5d00000, 0x00000000e0000000)
  object space 95232K, 53% used [0x00000000a0000000,0x00000000a322eb20,0x00000000a5d00000)
 Metaspace       used 96569K, capacity 101024K, committed 103856K, reserved 1138688K
  class space    used 12261K, capacity 13117K, committed 13744K, reserved 1048576K
GC Heap History (10 events):
Event: 7274.244 GC heap after
Heap after GC invocations=26 (full 5):
 PSYoungGen      total 263680K, used 0K [0x00000000e0000000, 0x00000000f7580000, 0x0000000100000000)
  eden space 257024K, 0% used [0x00000000e0000000,0x00000000e0000000,0x00000000efb00000)
  from space 6656K, 0% used [0x00000000f4f80000,0x00000000f4f80000,0x00000000f5600000)
  to   space 21504K, 0% used [0x00000000f6080000,0x00000000f6080000,0x00000000f7580000)
 ParOldGen       total 69120K, used 34795K [0x00000000a0000000, 0x00000000a4380000, 0x00000000e0000000)
  object space 69120K, 50% used [0x00000000a0000000,0x00000000a21fac40,0x00000000a4380000)
 Metaspace       used 92227K, capacity 95972K, committed 97328K, reserved 1134592K
  class space    used 11740K, capacity 12494K, committed 12848K, reserved 1048576K
}
Event: 7854.736 GC heap before
{Heap before GC invocations=27 (full 5):
 PSYoungGen      total 263680K, used 257024K [0x00000000e0000000, 0x00000000f7580000, 0x0000000100000000)
  eden space 257024K, 100% used [0x00000000e0000000,0x00000000efb00000,0x00000000efb00000)
  from space 6656K, 0% used [0x00000000f4f80000,0x00000000f4f80000,0x00000000f5600000)
  to   space 21504K, 0% used [0x00000000f6080000,0x00000000f6080000,0x00000000f7580000)
 ParOldGen       total 69120K, used 34795K [0x00000000a0000000, 0x00000000a4380000, 0x00000000e0000000)
  object space 69120K, 50% used [0x00000000a0000000,0x00000000a21fac40,0x00000000a4380000)
 Metaspace       used 95336K, capacity 99598K, committed 100400K, reserved 1136640K
  class space    used 12248K, capacity 13115K, committed 13360K, reserved 1048576K
Event: 7854.934 GC heap after
Heap after GC invocations=27 (full 5):
 PSYoungGen      total 267264K, used 21488K [0x00000000e0000000, 0x00000000f7580000, 0x0000000100000000)
  eden space 245760K, 0% used [0x00000000e0000000,0x00000000e0000000,0x00000000ef000000)
  from space 21504K, 99% used [0x00000000f6080000,0x00000000f757c060,0x00000000f7580000)
  to   space 25600K, 0% used [0x00000000f4380000,0x00000000f4380000,0x00000000f5c80000)
 ParOldGen       total 69120K, used 37147K [0x00000000a0000000, 0x00000000a4380000, 0x00000000e0000000)
  object space 69120K, 53% used [0x00000000a0000000,0x00000000a2446e48,0x00000000a4380000)
 Metaspace       used 95336K, capacity 99598K, committed 100400K, reserved 1136640K
  class space    used 12248K, capacity 13115K, committed 13360K, reserved 1048576K
}
Event: 9413.526 GC heap before
{Heap before GC invocations=28 (full 5):
 PSYoungGen      total 267264K, used 267248K [0x00000000e0000000, 0x00000000f7580000, 0x0000000100000000)
  eden space 245760K, 100% used [0x00000000e0000000,0x00000000ef000000,0x00000000ef000000)
  from space 21504K, 99% used [0x00000000f6080000,0x00000000f757c060,0x00000000f7580000)
  to   space 25600K, 0% used [0x00000000f4380000,0x00000000f4380000,0x00000000f5c80000)
 ParOldGen       total 69120K, used 37147K [0x00000000a0000000, 0x00000000a4380000, 0x00000000e0000000)
  object space 69120K, 53% used [0x00000000a0000000,0x00000000a2446e48,0x00000000a4380000)
 Metaspace       used 97822K, capacity 103122K, committed 103344K, reserved 1138688K
  class space    used 12594K, capacity 13639K, committed 13744K, reserved 1048576K
Event: 9416.724 GC heap after
Heap after GC invocations=28 (full 5):
 PSYoungGen      total 260608K, used 25589K [0x00000000e0000000, 0x00000000f6100000, 0x0000000100000000)
  eden space 235008K, 0% used [0x00000000e0000000,0x00000000e0000000,0x00000000ee580000)
  from space 25600K, 99% used [0x00000000f4380000,0x00000000f5c7d418,0x00000000f5c80000)
  to   space 4608K, 0% used [0x00000000f5c80000,0x00000000f5c80000,0x00000000f6100000)
 ParOldGen       total 69120K, used 47244K [0x00000000a0000000, 0x00000000a4380000, 0x00000000e0000000)
  object space 69120K, 68% used [0x00000000a0000000,0x00000000a2e23160,0x00000000a4380000)
 Metaspace       used 97822K, capacity 103122K, committed 103344K, reserved 1138688K
  class space    used 12594K, capacity 13639K, committed 13744K, reserved 1048576K
}
Event: 9425.324 GC heap before
{Heap before GC invocations=29 (full 5):
 PSYoungGen      total 260608K, used 260597K [0x00000000e0000000, 0x00000000f6100000, 0x0000000100000000)
  eden space 235008K, 100% used [0x00000000e0000000,0x00000000ee580000,0x00000000ee580000)
  from space 25600K, 99% used [0x00000000f4380000,0x00000000f5c7d418,0x00000000f5c80000)
  to   space 4608K, 0% used [0x00000000f5c80000,0x00000000f5c80000,0x00000000f6100000)
 ParOldGen       total 69120K, used 47244K [0x00000000a0000000, 0x00000000a4380000, 0x00000000e0000000)
  object space 69120K, 68% used [0x00000000a0000000,0x00000000a2e23160,0x00000000a4380000)
 Metaspace       used 98333K, capacity 103798K, committed 103856K, reserved 1138688K
  class space    used 12643K, capacity 13708K, committed 13744K, reserved 1048576K
Event: 9428.127 GC heap after
Heap after GC invocations=29 (full 5):
 PSYoungGen      total 321536K, used 4576K [0x00000000e0000000, 0x00000000f7b80000, 0x0000000100000000)
  eden space 316928K, 0% used [0x00000000e0000000,0x00000000e0000000,0x00000000f3580000)
  from space 4608K, 99% used [0x00000000f5c80000,0x00000000f60f8050,0x00000000f6100000)
  to   space 35840K, 0% used [0x00000000f3580000,0x00000000f3580000,0x00000000f5880000)
 ParOldGen       total 69120K, used 67464K [0x00000000a0000000, 0x00000000a4380000, 0x00000000e0000000)
  object space 69120K, 97% used [0x00000000a0000000,0x00000000a41e2278,0x00000000a4380000)
 Metaspace       used 98333K, capacity 103798K, committed 103856K, reserved 1138688K
  class space    used 12643K, capacity 13708K, committed 13744K, reserved 1048576K
}
Event: 9428.153 GC heap before
{Heap before GC invocations=30 (full 6):
 PSYoungGen      total 321536K, used 4576K [0x00000000e0000000, 0x00000000f7b80000, 0x0000000100000000)
  eden space 316928K, 0% used [0x00000000e0000000,0x00000000e0000000,0x00000000f3580000)
  from space 4608K, 99% used [0x00000000f5c80000,0x00000000f60f8050,0x00000000f6100000)
  to   space 35840K, 0% used [0x00000000f3580000,0x00000000f3580000,0x00000000f5880000)
 ParOldGen       total 69120K, used 67464K [0x00000000a0000000, 0x00000000a4380000, 0x00000000e0000000)
  object space 69120K, 97% used [0x00000000a0000000,0x00000000a41e2278,0x00000000a4380000)
 Metaspace       used 98333K, capacity 103798K, committed 103856K, reserved 1138688K
  class space    used 12643K, capacity 13708K, committed 13744K, reserved 1048576K
Event: 9430.612 GC heap after
Heap after GC invocations=30 (full 6):
 PSYoungGen      total 321536K, used 0K [0x00000000e0000000, 0x00000000f7b80000, 0x0000000100000000)
  eden space 316928K, 0% used [0x00000000e0000000,0x00000000e0000000,0x00000000f3580000)
  from space 4608K, 0% used [0x00000000f5c80000,0x00000000f5c80000,0x00000000f6100000)
  to   space 35840K, 0% used [0x00000000f3580000,0x00000000f3580000,0x00000000f5880000)
 ParOldGen       total 95232K, used 51378K [0x00000000a0000000, 0x00000000a5d00000, 0x00000000e0000000)
  object space 95232K, 53% used [0x00000000a0000000,0x00000000a322cb20,0x00000000a5d00000)
 Metaspace       used 96293K, capacity 100712K, committed 103856K, reserved 1138688K
  class space    used 12249K, capacity 13109K, committed 13744K, reserved 1048576K
}
Event: 9542.999 GC heap before
{Heap before GC invocations=31 (full 6):
 PSYoungGen      total 321536K, used 316928K [0x00000000e0000000, 0x00000000f7b80000, 0x0000000100000000)
  eden space 316928K, 100% used [0x00000000e0000000,0x00000000f3580000,0x00000000f3580000)
  from space 4608K, 0% used [0x00000000f5c80000,0x00000000f5c80000,0x00000000f6100000)
  to   space 35840K, 0% used [0x00000000f3580000,0x00000000f3580000,0x00000000f5880000)
 ParOldGen       total 95232K, used 51378K [0x00000000a0000000, 0x00000000a5d00000, 0x00000000e0000000)
  object space 95232K, 53% used [0x00000000a0000000,0x00000000a322cb20,0x00000000a5d00000)
 Metaspace       used 96569K, capacity 101024K, committed 103856K, reserved 1138688K
  class space    used 12261K, capacity 13117K, committed 13744K, reserved 1048576K

